2025-08-08 20:41:30,041 - stock_alerts - INFO - Starting scheduled stock alert check...
2025-08-08 20:41:30,041 - stock_alerts - INFO - Starting stock alerts job
2025-08-08 20:41:30,041 - stock_alerts - INFO - Fetching page 1...
2025-08-08 20:41:33,021 - stock_alerts - INFO - Fetching page 2...
2025-08-08 20:41:36,187 - stock_alerts - INFO - Fetching page 3...
2025-08-08 20:41:39,042 - stock_alerts - INFO - Fetching page 4...
2025-08-08 20:41:41,838 - stock_alerts - INFO - Fetching page 5...
2025-08-08 20:41:44,918 - stock_alerts - INFO - Fetching page 6...
2025-08-08 20:41:48,052 - stock_alerts - INFO - Fetching page 7...
2025-08-08 20:41:51,157 - stock_alerts - INFO - Fetching page 8...
2025-08-08 20:41:54,040 - stock_alerts - INFO - Fetching page 9...
2025-08-08 20:41:57,042 - stock_alerts - INFO - Fetching page 10...
2025-08-08 20:41:59,956 - stock_alerts - INFO - Fetching page 11...
2025-08-08 20:42:02,808 - stock_alerts - INFO - Fetching page 12...
2025-08-08 20:42:05,600 - stock_alerts - INFO - Fetching page 13...
2025-08-08 20:42:06,280 - stock_alerts - INFO - No more data. Exiting.
2025-08-08 20:42:06,472 - stock_alerts - INFO - Successfully saved 5510 stocks to data\stocks_data_20250808_204206.json
2025-08-08 20:42:06,514 - stock_alerts - INFO - Processed 5374 stocks, found 0 alerts, skipped 136 invalid entries
2025-08-08 20:42:06,550 - stock_alerts - INFO - No stocks found with drops exceeding 100% threshold. Sending 'no alert' email.
2025-08-08 20:42:06,559 - stock_alerts - INFO - Sending 'No alert today' email.
2025-08-08 20:42:10,169 - stock_alerts - INFO - [SUCCESS] Email sent successfully.
2025-08-08 20:42:10,169 - stock_alerts - INFO - Stock alerts job completed successfully
2025-08-08 20:42:10,170 - stock_alerts - INFO - Stock alert check completed successfully
2025-08-08 20:42:10,171 - stock_alerts - INFO - Next check scheduled in 23.99 hours
2025-08-08 20:45:15,151 - stock_alerts - INFO - Process interrupted by user
