2025-07-25 23:45:54,871 - stock_alerts - INFO - Starting stock alerts job
2025-07-25 23:45:54,872 - stock_alerts - INFO - Fetching page 1...
2025-07-25 23:45:58,408 - stock_alerts - INFO - Fetching page 2...
2025-07-25 23:46:01,379 - stock_alerts - INFO - Fetching page 3...
2025-07-25 23:46:04,708 - stock_alerts - INFO - Fetching page 4...
2025-07-25 23:46:07,315 - stock_alerts - INFO - Fetching page 5...
2025-07-25 23:46:10,766 - stock_alerts - INFO - Fetching page 6...
2025-07-25 23:46:14,081 - stock_alerts - INFO - Fetching page 7...
2025-07-25 23:46:16,864 - stock_alerts - INFO - Fetching page 8...
2025-07-25 23:46:19,645 - stock_alerts - INFO - Fetching page 9...
2025-07-25 23:46:22,429 - stock_alerts - INFO - Fetching page 10...
2025-07-25 23:46:25,530 - stock_alerts - INFO - Fetching page 11...
2025-07-25 23:46:28,170 - stock_alerts - INFO - Fetching page 12...
2025-07-25 23:46:31,220 - stock_alerts - INFO - Fetching page 13...
2025-07-25 23:46:31,770 - stock_alerts - INFO - No more data. Exiting.
2025-07-25 23:46:31,897 - stock_alerts - INFO - Successfully saved 5503 stocks to data\stocks_data_20250725_234631.json
2025-07-25 23:46:31,904 - stock_alerts - INFO - Processed 5405 stocks, found 2 alerts, skipped 98 invalid entries
2025-07-25 23:46:31,904 - stock_alerts - INFO - Found 2 stocks with significant drops, sending email alert.
2025-07-25 23:46:34,889 - stock_alerts - INFO - [SUCCESS] Email sent successfully.
2025-07-25 23:46:34,890 - stock_alerts - INFO - Stock alerts job completed successfully
2025-07-25 23:49:45,426 - stock_alerts - INFO - Starting stock alerts job
2025-07-25 23:49:45,431 - stock_alerts - INFO - Fetching page 1...
2025-07-25 23:49:48,306 - stock_alerts - INFO - Fetching page 2...
2025-07-25 23:49:51,108 - stock_alerts - INFO - Fetching page 3...
2025-07-25 23:49:53,922 - stock_alerts - INFO - Fetching page 4...
2025-07-25 23:49:56,704 - stock_alerts - INFO - Fetching page 5...
2025-07-25 23:49:59,472 - stock_alerts - INFO - Fetching page 6...
2025-07-25 23:50:02,282 - stock_alerts - INFO - Fetching page 7...
2025-07-25 23:50:05,307 - stock_alerts - INFO - Fetching page 8...
2025-07-25 23:50:08,093 - stock_alerts - INFO - Fetching page 9...
2025-07-25 23:50:10,916 - stock_alerts - INFO - Fetching page 10...
2025-07-25 23:50:14,079 - stock_alerts - INFO - Fetching page 11...
2025-07-25 23:50:17,279 - stock_alerts - INFO - Fetching page 12...
2025-07-25 23:50:19,889 - stock_alerts - INFO - Fetching page 13...
2025-07-25 23:50:20,985 - stock_alerts - INFO - No more data. Exiting.
2025-07-25 23:50:21,126 - stock_alerts - INFO - Successfully saved 5503 stocks to data\stocks_data_20250725_235020.json
2025-07-25 23:50:21,134 - stock_alerts - INFO - Processed 5405 stocks, found 2 alerts, skipped 98 invalid entries
2025-07-25 23:50:21,134 - stock_alerts - INFO - Found 2 stocks with significant drops, sending email alert.
2025-07-25 23:50:24,019 - stock_alerts - INFO - [SUCCESS] Email sent successfully.
2025-07-25 23:50:24,020 - stock_alerts - INFO - Stock alerts job completed successfully
